# JRE version: Java(TM) SE Runtime Environment (17.0.1+12) (build 17.0.1+12-LTS-39)
# Java VM: Java HotSpot(TM) 64-Bit Server VM (17.0.1+12-LTS-39, mixed mode, sharing, tiered, compressed oops, compressed class ptrs, g1 gc, windows-amd64)
GC Precious Log:
 CPUs: 4 total, 4 available
 Memory: 7886M
 Large Page Support: Disabled
 NUMA Support: Disabled
 Compressed Oops: Enabled (32-bit)
 Heap Region Size: 1M
 Heap Min Capacity: 8M
 Heap Initial Capacity: 124M
 Heap Max Capacity: 1972M
 Pre-touch: Disabled
 Parallel Workers: 4
 Concurrent Workers: 1
 Concurrent Refinement Workers: 4
 Periodic GC: Disabled
Heap:
 garbage-first heap   total 86016K, used 35734K [0x0000000084c00000, 0x0000000100000000)
  region size 1024K, 27 young (27648K), 3 survivors (3072K)
 Metaspace       used 27548K, committed 27968K, reserved 1073152K
  class space    used 3309K, committed 3520K, reserved 1048576K
GC Heap History (20 events):
Event: 1.259 GC heap before
{Heap before GC invocations=0 (full 0):
 garbage-first heap   total 126976K, used 13312K [0x0000000084c00000, 0x0000000100000000)
  region size 1024K, 13 young (13312K), 0 survivors (0K)
 Metaspace       used 1865K, committed 2112K, reserved 1056768K
  class space    used 189K, committed 320K, reserved 1048576K
}
Event: 1.307 GC heap after
{Heap after GC invocations=1 (full 0):
 garbage-first heap   total 126976K, used 1816K [0x0000000084c00000, 0x0000000100000000)
  region size 1024K, 2 young (2048K), 2 survivors (2048K)
 Metaspace       used 1865K, committed 2112K, reserved 1056768K
  class space    used 189K, committed 320K, reserved 1048576K
}
Event: 2.910 GC heap before
{Heap before GC invocations=1 (full 0):
 garbage-first heap   total 126976K, used 19224K [0x0000000084c00000, 0x0000000100000000)
  region size 1024K, 19 young (19456K), 2 survivors (2048K)
 Metaspace       used 4473K, committed 4736K, reserved 1056768K
  class space    used 492K, committed 640K, reserved 1048576K
}
Event: 2.915 GC heap after
{Heap after GC invocations=2 (full 0):
 garbage-first heap   total 126976K, used 2816K [0x0000000084c00000, 0x0000000100000000)
  region size 1024K, 1 young (1024K), 1 survivors (1024K)
 Metaspace       used 4473K, committed 4736K, reserved 1056768K
  class space    used 492K, committed 640K, reserved 1048576K
}
Event: 4.732 GC heap before
{Heap before GC invocations=2 (full 0):
 garbage-first heap   total 126976K, used 77568K [0x0000000084c00000, 0x0000000100000000)
  region size 1024K, 74 young (75776K), 1 survivors (1024K)
 Metaspace       used 12097K, committed 12416K, reserved 1064960K
  class space    used 1535K, committed 1664K, reserved 1048576K
}
Event: 4.742 GC heap after
{Heap after GC invocations=3 (full 0):
 garbage-first heap   total 126976K, used 5518K [0x0000000084c00000, 0x0000000100000000)
  region size 1024K, 4 young (4096K), 4 survivors (4096K)
 Metaspace       used 12097K, committed 12416K, reserved 1064960K
  class space    used 1535K, committed 1664K, reserved 1048576K
}
Event: 6.782 GC heap before
{Heap before GC invocations=3 (full 0):
 garbage-first heap   total 126976K, used 77198K [0x0000000084c00000, 0x0000000100000000)
  region size 1024K, 74 young (75776K), 4 survivors (4096K)
 Metaspace       used 19697K, committed 20096K, reserved 1073152K
  class space    used 2385K, committed 2560K, reserved 1048576K
}
Event: 6.798 GC heap after
{Heap after GC invocations=4 (full 0):
 garbage-first heap   total 126976K, used 8813K [0x0000000084c00000, 0x0000000100000000)
  region size 1024K, 7 young (7168K), 7 survivors (7168K)
 Metaspace       used 19697K, committed 20096K, reserved 1073152K
  class space    used 2385K, committed 2560K, reserved 1048576K
}
Event: 7.091 GC heap before
{Heap before GC invocations=4 (full 0):
 garbage-first heap   total 126976K, used 15981K [0x0000000084c00000, 0x0000000100000000)
  region size 1024K, 15 young (15360K), 7 survivors (7168K)
 Metaspace       used 21134K, committed 21504K, reserved 1073152K
  class space    used 2545K, committed 2752K, reserved 1048576K
}
Event: 7.101 GC heap after
{Heap after GC invocations=5 (full 0):
 garbage-first heap   total 126976K, used 9229K [0x0000000084c00000, 0x0000000100000000)
  region size 1024K, 4 young (4096K), 4 survivors (4096K)
 Metaspace       used 21134K, committed 21504K, reserved 1073152K
  class space    used 2545K, committed 2752K, reserved 1048576K
}
Event: 7.410 GC heap before
{Heap before GC invocations=6 (full 0):
 garbage-first heap   total 37888K, used 28685K [0x0000000084c00000, 0x0000000100000000)
  region size 1024K, 24 young (24576K), 4 survivors (4096K)
 Metaspace       used 21273K, committed 21632K, reserved 1073152K
  class space    used 2552K, committed 2752K, reserved 1048576K
}
Event: 7.418 GC heap after
{Heap after GC invocations=7 (full 0):
 garbage-first heap   total 37888K, used 9998K [0x0000000084c00000, 0x0000000100000000)
  region size 1024K, 5 young (5120K), 5 survivors (5120K)
 Metaspace       used 21273K, committed 21632K, reserved 1073152K
  class space    used 2552K, committed 2752K, reserved 1048576K
}
Event: 7.423 GC heap before
{Heap before GC invocations=7 (full 0):
 garbage-first heap   total 37888K, used 11022K [0x0000000084c00000, 0x0000000100000000)
  region size 1024K, 6 young (6144K), 5 survivors (5120K)
 Metaspace       used 21273K, committed 21632K, reserved 1073152K
  class space    used 2552K, committed 2752K, reserved 1048576K
}
Event: 7.429 GC heap after
{Heap after GC invocations=8 (full 0):
 garbage-first heap   total 37888K, used 10245K [0x0000000084c00000, 0x0000000100000000)
  region size 1024K, 1 young (1024K), 1 survivors (1024K)
 Metaspace       used 21273K, committed 21632K, reserved 1073152K
  class space    used 2552K, committed 2752K, reserved 1048576K
}
Event: 7.461 GC heap before
{Heap before GC invocations=8 (full 0):
 garbage-first heap   total 37888K, used 27653K [0x0000000084c00000, 0x0000000100000000)
  region size 1024K, 18 young (18432K), 1 survivors (1024K)
 Metaspace       used 21277K, committed 21632K, reserved 1073152K
  class space    used 2552K, committed 2752K, reserved 1048576K
}
Event: 7.461 GC heap after
{Heap after GC invocations=9 (full 0):
 garbage-first heap   total 37888K, used 10024K [0x0000000084c00000, 0x0000000100000000)
  region size 1024K, 1 young (1024K), 1 survivors (1024K)
 Metaspace       used 21277K, committed 21632K, reserved 1073152K
  class space    used 2552K, committed 2752K, reserved 1048576K
}
Event: 7.496 GC heap before
{Heap before GC invocations=9 (full 0):
 garbage-first heap   total 37888K, used 28456K [0x0000000084c00000, 0x0000000100000000)
  region size 1024K, 19 young (19456K), 1 survivors (1024K)
 Metaspace       used 21277K, committed 21632K, reserved 1073152K
  class space    used 2552K, committed 2752K, reserved 1048576K
}
Event: 7.497 GC heap after
{Heap after GC invocations=10 (full 0):
 garbage-first heap   total 86016K, used 9859K [0x0000000084c00000, 0x0000000100000000)
  region size 1024K, 1 young (1024K), 1 survivors (1024K)
 Metaspace       used 21277K, committed 21632K, reserved 1073152K
  class space    used 2552K, committed 2752K, reserved 1048576K
}
Event: 8.865 GC heap before
{Heap before GC invocations=10 (full 0):
 garbage-first heap   total 86016K, used 60035K [0x0000000084c00000, 0x0000000100000000)
  region size 1024K, 50 young (51200K), 1 survivors (1024K)
 Metaspace       used 26738K, committed 27136K, reserved 1073152K
  class space    used 3231K, committed 3392K, reserved 1048576K
}
Event: 8.869 GC heap after
{Heap after GC invocations=11 (full 0):
 garbage-first heap   total 86016K, used 12182K [0x0000000084c00000, 0x0000000100000000)
  region size 1024K, 3 young (3072K), 3 survivors (3072K)
 Metaspace       used 26738K, committed 27136K, reserved 1073152K
  class space    used 3231K, committed 3392K, reserved 1048576K
}

